Zivug/app/build/intermediates/manifest_merge_blame_file/debug/manifest-merger-blame-debug-report.txt
1<?xml version="1.0" encoding="utf-8"?>
2<manifest xmlns:android="http://schemas.android.com/apk/res/android"
3    package="com.example.findher"
4    android:versionCode="1"
5    android:versionName="1.0" >
6
7    <uses-sdk
8        android:minSdkVersion="19"
8-->src\main\AndroidManifest.xml
9        android:targetSdkVersion="29" />
9-->src\main\AndroidManifest.xml
10
11    <uses-permission android:name="android.permission.ACCESS_WIFI_STATE" />
11-->src\main\AndroidManifest.xml:5:9-80
11-->src\main\AndroidManifest.xml:5:26-77
12    <uses-permission android:name="android.permission.INTERNET" />
12-->src\main\AndroidManifest.xml:6:9-70
12-->src\main\AndroidManifest.xml:6:26-68
13    <uses-permission android:name="android.permission.ACCESS_WIFI_STATE" />
13-->src\main\AndroidManifest.xml:5:9-80
13-->src\main\AndroidManifest.xml:5:26-77
14    <uses-permission android:name="android.permission.ACCESS_NETWORK_STATE" />
14-->src\main\AndroidManifest.xml:8:5-78
14-->src\main\AndroidManifest.xml:8:22-76
15    <uses-permission android:name="android.permission.READ_EXTERNAL_STORAGE" />
15-->src\main\AndroidManifest.xml:9:5-79
15-->src\main\AndroidManifest.xml:9:22-77
16    <uses-permission android:name="android.permission.WRITE_EXTERNAL_STORAGE" />
16-->src\main\AndroidManifest.xml:10:5-80
16-->src\main\AndroidManifest.xml:10:22-78
17    <uses-permission android:name="android.permission.ACCESS_FINE_LOCATION" />
17-->src\main\AndroidManifest.xml:11:5-78
17-->src\main\AndroidManifest.xml:11:22-76
18    <uses-permission android:name="android.permission.WAKE_LOCK" />
18-->[com.google.firebase:firebase-measurement-connector-impl:17.0.3] AndroidManifest.xml:24:5-68
18-->[com.google.firebase:firebase-measurement-connector-impl:17.0.3] AndroidManifest.xml:24:22-65
19    <uses-permission android:name="com.google.android.finsky.permission.BIND_GET_INSTALL_REFERRER_SERVICE" /> <!-- Required by older versions of Google Play services to create IID tokens -->
19-->[com.google.firebase:firebase-analytics:16.0.5] AndroidManifest.xml:26:5-110
19-->[com.google.firebase:firebase-analytics:16.0.5] AndroidManifest.xml:26:22-107
20    <uses-permission android:name="com.google.android.c2dm.permission.RECEIVE" />
20-->[com.google.firebase:firebase-iid:17.0.3] AndroidManifest.xml:26:5-82
20-->[com.google.firebase:firebase-iid:17.0.3] AndroidManifest.xml:26:22-79
21
22    <application
22-->src\main\AndroidManifest.xml:14:5-43:15
23        android:name="androidx.multidex.MultiDexApplication"
24        android:allowBackup="true"
24-->src\main\AndroidManifest.xml:14:177-203
25        android:appComponentFactory="androidx.core.app.CoreComponentFactory"
25-->[androidx.core:core:1.0.1] AndroidManifest.xml:22:18-86
26        android:debuggable="true"
27        android:icon="@drawable/icon1"
27-->src\main\AndroidManifest.xml:14:146-176
28        android:label="@string/app_name"
28-->src\main\AndroidManifest.xml:14:113-145
29        android:roundIcon="@drawable/icon1"
29-->src\main\AndroidManifest.xml:14:77-112
30        android:supportsRtl="true"
30-->src\main\AndroidManifest.xml:14:50-76
31        android:testOnly="true"
32        android:theme="@style/AppTheme" >
32-->src\main\AndroidManifest.xml:14:18-49
33        <service android:name="com.example.zivug.notifier.ChatNotification" />
33-->src\main\AndroidManifest.xml:16:9-61
33-->src\main\AndroidManifest.xml:16:18-59
34
35        <activity
35-->src\main\AndroidManifest.xml:18:5-29:12
36            android:name="com.example.zivug.Activities.MainActivity"
36-->src\main\AndroidManifest.xml:18:15-71
37            android:windowSoftInputMode="adjustPan" >
37-->src\main\AndroidManifest.xml:18:72-111
38            <intent-filter>
38-->src\main\AndroidManifest.xml:21:5-27:17
39                <action android:name="android.intent.action.MAIN" />
39-->src\main\AndroidManifest.xml:23:5-56
39-->src\main\AndroidManifest.xml:23:13-54
40
41                <category android:name="android.intent.category.LAUNCHER" />
41-->src\main\AndroidManifest.xml:25:5-64
41-->src\main\AndroidManifest.xml:25:15-62
42            </intent-filter>
43        </activity>
44        <activity
44-->src\main\AndroidManifest.xml:31:5-118
45            android:name="com.example.zivug.Activities.ZivugActivity"
45-->src\main\AndroidManifest.xml:31:15-72
46            android:windowSoftInputMode="adjustResize" />
46-->src\main\AndroidManifest.xml:31:73-115
47        <activity android:name="com.example.zivug.Activities.AuthentificationActivity" />
47-->src\main\AndroidManifest.xml:33:5-85
47-->src\main\AndroidManifest.xml:33:15-83
48        <activity
48-->src\main\AndroidManifest.xml:35:5-124
49            android:name="com.theartofdev.edmodo.cropper.CropImageActivity"
49-->src\main\AndroidManifest.xml:35:15-78
50            android:theme="@style/Base.Theme.AppCompat" />
50-->src\main\AndroidManifest.xml:35:79-122
51        <activity android:name="com.example.zivug.Activities.ActivitySplash" />
51-->src\main\AndroidManifest.xml:36:9-62
51-->src\main\AndroidManifest.xml:36:19-60
52        <activity android:name="com.example.zivug.Activities.IntroActivity" />
52-->src\main\AndroidManifest.xml:37:9-61
52-->src\main\AndroidManifest.xml:37:19-59
53
54        <receiver android:name="com.example.zivug.notifier.WifiBroadCastReceiver" >
54-->src\main\AndroidManifest.xml:38:9-42:20
54-->src\main\AndroidManifest.xml:38:19-65
55            <intent-filter android:priority="100" >
55-->src\main\AndroidManifest.xml:39:13-41:29
55-->src\main\AndroidManifest.xml:39:28-50
56                <action android:name="android.net.wifi.STATE_CHANGE" />
56-->src\main\AndroidManifest.xml:40:17-72
56-->src\main\AndroidManifest.xml:40:25-69
57            </intent-filter>
58        </receiver>
59
60        <meta-data
60-->[com.firebaseui:firebase-ui-auth:4.3.1] AndroidManifest.xml:16:9-18:69
61            android:name="com.google.android.gms.version"
61-->[com.firebaseui:firebase-ui-auth:4.3.1] AndroidManifest.xml:17:13-58
62            android:value="@integer/google_play_services_version" />
62-->[com.firebaseui:firebase-ui-auth:4.3.1] AndroidManifest.xml:18:13-66
63        <meta-data
63-->[com.firebaseui:firebase-ui-auth:4.3.1] AndroidManifest.xml:19:9-21:63
64            android:name="com.facebook.sdk.ApplicationId"
64-->[com.firebaseui:firebase-ui-auth:4.3.1] AndroidManifest.xml:20:13-58
65            android:value="@string/facebook_application_id" />
65-->[com.firebaseui:firebase-ui-auth:4.3.1] AndroidManifest.xml:21:13-60
66
67        <activity
67-->[com.firebaseui:firebase-ui-auth:4.3.1] AndroidManifest.xml:23:9-27:61
68            android:name="com.firebase.ui.auth.KickoffActivity"
68-->[com.firebaseui:firebase-ui-auth:4.3.1] AndroidManifest.xml:24:13-64
69            android:exported="false"
69-->[com.firebaseui:firebase-ui-auth:4.3.1] AndroidManifest.xml:25:13-37
70            android:label=""
70-->[com.firebaseui:firebase-ui-auth:4.3.1] AndroidManifest.xml:26:13-29
71            android:theme="@style/FirebaseUI.Transparent" />
71-->[com.firebaseui:firebase-ui-auth:4.3.1] AndroidManifest.xml:27:13-58
72        <activity
72-->[com.firebaseui:firebase-ui-auth:4.3.1] AndroidManifest.xml:28:9-32:61
73            android:name="com.firebase.ui.auth.ui.idp.SingleSignInActivity"
73-->[com.firebaseui:firebase-ui-auth:4.3.1] AndroidManifest.xml:29:13-76
74            android:exported="false"
74-->[com.firebaseui:firebase-ui-auth:4.3.1] AndroidManifest.xml:30:13-37
75            android:label=""
75-->[com.firebaseui:firebase-ui-auth:4.3.1] AndroidManifest.xml:31:13-29
76            android:theme="@style/FirebaseUI.Transparent" />
76-->[com.firebaseui:firebase-ui-auth:4.3.1] AndroidManifest.xml:32:13-58
77        <activity
77-->[com.firebaseui:firebase-ui-auth:4.3.1] AndroidManifest.xml:33:9-37:61
78            android:name="com.firebase.ui.auth.ui.credentials.CredentialSaveActivity"
78-->[com.firebaseui:firebase-ui-auth:4.3.1] AndroidManifest.xml:34:13-86
79            android:exported="false"
79-->[com.firebaseui:firebase-ui-auth:4.3.1] AndroidManifest.xml:35:13-37
80            android:label=""
80-->[com.firebaseui:firebase-ui-auth:4.3.1] AndroidManifest.xml:36:13-29
81            android:theme="@style/FirebaseUI.Transparent" />
81-->[com.firebaseui:firebase-ui-auth:4.3.1] AndroidManifest.xml:37:13-58
82        <activity
82-->[com.firebaseui:firebase-ui-auth:4.3.1] AndroidManifest.xml:38:9-42:58
83            android:name="com.firebase.ui.auth.ui.email.RecoverPasswordActivity"
83-->[com.firebaseui:firebase-ui-auth:4.3.1] AndroidManifest.xml:39:13-81
84            android:exported="false"
84-->[com.firebaseui:firebase-ui-auth:4.3.1] AndroidManifest.xml:40:13-37
85            android:label="@string/fui_title_recover_password_activity"
85-->[com.firebaseui:firebase-ui-auth:4.3.1] AndroidManifest.xml:41:13-72
86            android:windowSoftInputMode="adjustResize" />
86-->[com.firebaseui:firebase-ui-auth:4.3.1] AndroidManifest.xml:42:13-55
87        <activity
87-->[com.firebaseui:firebase-ui-auth:4.3.1] AndroidManifest.xml:43:9-47:58
88            android:name="com.firebase.ui.auth.ui.email.EmailActivity"
88-->[com.firebaseui:firebase-ui-auth:4.3.1] AndroidManifest.xml:44:13-71
89            android:exported="false"
89-->[com.firebaseui:firebase-ui-auth:4.3.1] AndroidManifest.xml:45:13-37
90            android:label="@string/fui_sign_in_default"
90-->[com.firebaseui:firebase-ui-auth:4.3.1] AndroidManifest.xml:46:13-56
91            android:windowSoftInputMode="adjustResize" />
91-->[com.firebaseui:firebase-ui-auth:4.3.1] AndroidManifest.xml:47:13-55
92        <activity
92-->[com.firebaseui:firebase-ui-auth:4.3.1] AndroidManifest.xml:48:9-52:77
93            android:name="com.firebase.ui.auth.ui.phone.PhoneActivity"
93-->[com.firebaseui:firebase-ui-auth:4.3.1] AndroidManifest.xml:49:13-71
94            android:exported="false"
94-->[com.firebaseui:firebase-ui-auth:4.3.1] AndroidManifest.xml:50:13-37
95            android:label="@string/fui_sign_in_with_phone_number"
95-->[com.firebaseui:firebase-ui-auth:4.3.1] AndroidManifest.xml:51:13-66
96            android:windowSoftInputMode="adjustResize|stateAlwaysVisible" />
96-->[com.firebaseui:firebase-ui-auth:4.3.1] AndroidManifest.xml:52:13-74
97        <activity
97-->[com.firebaseui:firebase-ui-auth:4.3.1] AndroidManifest.xml:53:9-57:58
98            android:name="com.firebase.ui.auth.ui.idp.WelcomeBackIdpPrompt"
98-->[com.firebaseui:firebase-ui-auth:4.3.1] AndroidManifest.xml:54:13-76
99            android:exported="false"
99-->[com.firebaseui:firebase-ui-auth:4.3.1] AndroidManifest.xml:55:13-37
100            android:label="@string/fui_title_welcome_back_idp_prompt"
100-->[com.firebaseui:firebase-ui-auth:4.3.1] AndroidManifest.xml:56:13-70
101            android:windowSoftInputMode="adjustResize" />
101-->[com.firebaseui:firebase-ui-auth:4.3.1] AndroidManifest.xml:57:13-55
102        <activity
102-->[com.firebaseui:firebase-ui-auth:4.3.1] AndroidManifest.xml:58:9-62:58
103            android:name="com.firebase.ui.auth.ui.email.WelcomeBackPasswordPrompt"
103-->[com.firebaseui:firebase-ui-auth:4.3.1] AndroidManifest.xml:59:13-83
104            android:exported="false"
104-->[com.firebaseui:firebase-ui-auth:4.3.1] AndroidManifest.xml:60:13-37
105            android:label="@string/fui_title_welcome_back_password_prompt"
105-->[com.firebaseui:firebase-ui-auth:4.3.1] AndroidManifest.xml:61:13-75
106            android:windowSoftInputMode="adjustResize" />
106-->[com.firebaseui:firebase-ui-auth:4.3.1] AndroidManifest.xml:62:13-55
107        <activity
107-->[com.firebaseui:firebase-ui-auth:4.3.1] AndroidManifest.xml:63:9-67:58
108            android:name="com.firebase.ui.auth.ui.email.WelcomeBackEmailLinkPrompt"
108-->[com.firebaseui:firebase-ui-auth:4.3.1] AndroidManifest.xml:64:13-84
109            android:exported="false"
109-->[com.firebaseui:firebase-ui-auth:4.3.1] AndroidManifest.xml:65:13-37
110            android:label="@string/fui_title_welcome_back_password_prompt"
110-->[com.firebaseui:firebase-ui-auth:4.3.1] AndroidManifest.xml:66:13-75
111            android:windowSoftInputMode="adjustResize" />
111-->[com.firebaseui:firebase-ui-auth:4.3.1] AndroidManifest.xml:67:13-55
112        <activity
112-->[com.firebaseui:firebase-ui-auth:4.3.1] AndroidManifest.xml:68:9-73:58
113            android:name="com.firebase.ui.auth.ui.email.EmailLinkCatcherActivity"
113-->[com.firebaseui:firebase-ui-auth:4.3.1] AndroidManifest.xml:69:13-82
114            android:exported="false"
114-->[com.firebaseui:firebase-ui-auth:4.3.1] AndroidManifest.xml:70:13-37
115            android:label=""
115-->[com.firebaseui:firebase-ui-auth:4.3.1] AndroidManifest.xml:71:13-29
116            android:theme="@style/FirebaseUI.Transparent"
116-->[com.firebaseui:firebase-ui-auth:4.3.1] AndroidManifest.xml:72:13-58
117            android:windowSoftInputMode="adjustResize" />
117-->[com.firebaseui:firebase-ui-auth:4.3.1] AndroidManifest.xml:73:13-55
118        <activity
118-->[com.firebaseui:firebase-ui-auth:4.3.1] AndroidManifest.xml:74:9-78:58
119            android:name="com.firebase.ui.auth.ui.email.EmailLinkErrorRecoveryActivity"
119-->[com.firebaseui:firebase-ui-auth:4.3.1] AndroidManifest.xml:75:13-88
120            android:exported="false"
120-->[com.firebaseui:firebase-ui-auth:4.3.1] AndroidManifest.xml:76:13-37
121            android:label="@string/fui_sign_in_default"
121-->[com.firebaseui:firebase-ui-auth:4.3.1] AndroidManifest.xml:77:13-56
122            android:windowSoftInputMode="adjustResize" />
122-->[com.firebaseui:firebase-ui-auth:4.3.1] AndroidManifest.xml:78:13-55
123        <activity
123-->[com.firebaseui:firebase-ui-auth:4.3.1] AndroidManifest.xml:79:9-82:65
124            android:name="com.firebase.ui.auth.ui.idp.AuthMethodPickerActivity"
124-->[com.firebaseui:firebase-ui-auth:4.3.1] AndroidManifest.xml:80:13-80
125            android:exported="false"
125-->[com.firebaseui:firebase-ui-auth:4.3.1] AndroidManifest.xml:81:13-37
126            android:label="@string/fui_default_toolbar_title" />
126-->[com.firebaseui:firebase-ui-auth:4.3.1] AndroidManifest.xml:82:13-62
127        <activity
127-->[com.firebaseui:firebase-ui-auth:4.3.1] AndroidManifest.xml:83:9-87:48
128            android:name="com.facebook.FacebookActivity"
128-->[com.firebaseui:firebase-ui-auth:4.3.1] AndroidManifest.xml:84:13-57
129            android:configChanges="keyboard|keyboardHidden|screenLayout|screenSize|orientation"
129-->[com.firebaseui:firebase-ui-auth:4.3.1] AndroidManifest.xml:85:13-96
130            android:label="@string/app_name"
130-->[com.firebaseui:firebase-ui-auth:4.3.1] AndroidManifest.xml:86:13-45
131            android:theme="@style/com_facebook_activity_theme" />
131-->[com.facebook.android:facebook-common:5.8.0] AndroidManifest.xml:32:13-63
132        <activity
132-->[com.firebaseui:firebase-ui-auth:4.3.1] AndroidManifest.xml:88:9-100:20
133            android:name="com.facebook.CustomTabActivity"
133-->[com.firebaseui:firebase-ui-auth:4.3.1] AndroidManifest.xml:89:13-58
134            android:exported="true" >
134-->[com.firebaseui:firebase-ui-auth:4.3.1] AndroidManifest.xml:90:13-36
135            <intent-filter>
135-->[com.firebaseui:firebase-ui-auth:4.3.1] AndroidManifest.xml:92:13-99:29
136                <action android:name="android.intent.action.VIEW" />
136-->[com.firebaseui:firebase-ui-auth:4.3.1] AndroidManifest.xml:93:17-69
136-->[com.firebaseui:firebase-ui-auth:4.3.1] AndroidManifest.xml:93:25-66
137
138                <category android:name="android.intent.category.DEFAULT" />
138-->[com.firebaseui:firebase-ui-auth:4.3.1] AndroidManifest.xml:95:17-76
138-->[com.firebaseui:firebase-ui-auth:4.3.1] AndroidManifest.xml:95:27-73
139                <category android:name="android.intent.category.BROWSABLE" />
139-->[com.firebaseui:firebase-ui-auth:4.3.1] AndroidManifest.xml:96:17-78
139-->[com.firebaseui:firebase-ui-auth:4.3.1] AndroidManifest.xml:96:27-75
140
141                <data android:scheme="@string/facebook_login_protocol_scheme" />
141-->[com.firebaseui:firebase-ui-auth:4.3.1] AndroidManifest.xml:98:17-81
141-->[com.firebaseui:firebase-ui-auth:4.3.1] AndroidManifest.xml:98:23-78
142            </intent-filter>
143        </activity>
144
145        <provider
145-->[com.firebaseui:firebase-ui-auth:4.3.1] AndroidManifest.xml:102:9-106:38
146            android:name="com.firebase.ui.auth.data.client.AuthUiInitProvider"
146-->[com.firebaseui:firebase-ui-auth:4.3.1] AndroidManifest.xml:103:13-79
147            android:authorities="com.example.findher.authuiinitprovider"
147-->[com.firebaseui:firebase-ui-auth:4.3.1] AndroidManifest.xml:104:13-70
148            android:exported="false"
148-->[com.firebaseui:firebase-ui-auth:4.3.1] AndroidManifest.xml:105:13-37
149            android:initOrder="90" />
149-->[com.firebaseui:firebase-ui-auth:4.3.1] AndroidManifest.xml:106:13-35
150
151        <activity android:name="com.facebook.CustomTabMainActivity" />
151-->[com.facebook.android:facebook-common:5.8.0] AndroidManifest.xml:33:9-71
151-->[com.facebook.android:facebook-common:5.8.0] AndroidManifest.xml:33:19-68
152        <activity
152-->[com.google.firebase:firebase-auth:16.1.0] AndroidManifest.xml:24:9-31:50
153            android:name="com.google.firebase.auth.internal.FederatedSignInActivity"
153-->[com.google.firebase:firebase-auth:16.1.0] AndroidManifest.xml:25:13-85
154            android:excludeFromRecents="true"
154-->[com.google.firebase:firebase-auth:16.1.0] AndroidManifest.xml:26:13-46
155            android:exported="true"
155-->[com.google.firebase:firebase-auth:16.1.0] AndroidManifest.xml:27:13-36
156            android:launchMode="singleTask"
156-->[com.google.firebase:firebase-auth:16.1.0] AndroidManifest.xml:28:13-44
157            android:permission="com.google.firebase.auth.api.gms.permission.LAUNCH_FEDERATED_SIGN_IN"
157-->[com.google.firebase:firebase-auth:16.1.0] AndroidManifest.xml:29:13-102
158            android:theme="@android:style/Theme.Translucent.NoTitleBar" />
158-->[com.google.firebase:firebase-auth:16.1.0] AndroidManifest.xml:30:13-72
159
160        <service
160-->[com.google.firebase:firebase-auth:16.1.0] AndroidManifest.xml:33:9-39:19
161            android:name="com.google.firebase.components.ComponentDiscoveryService"
161-->[com.google.firebase:firebase-auth:16.1.0] AndroidManifest.xml:34:13-84
162            android:exported="false" >
162-->[com.google.firebase:firebase-auth:16.1.0] AndroidManifest.xml:35:13-37
163            <meta-data
163-->[com.google.firebase:firebase-auth:16.1.0] AndroidManifest.xml:36:13-38:85
164                android:name="com.google.firebase.components:com.google.firebase.auth.FirebaseAuthRegistrar"
164-->[com.google.firebase:firebase-auth:16.1.0] AndroidManifest.xml:37:17-109
165                android:value="com.google.firebase.components.ComponentRegistrar" />
165-->[com.google.firebase:firebase-auth:16.1.0] AndroidManifest.xml:38:17-82
166            <meta-data
166-->[com.google.firebase:firebase-firestore:17.1.4] AndroidManifest.xml:15:13-17:85
167                android:name="com.google.firebase.components:com.google.firebase.firestore.FirestoreRegistrar"
167-->[com.google.firebase:firebase-firestore:17.1.4] AndroidManifest.xml:16:17-111
168                android:value="com.google.firebase.components.ComponentRegistrar" />
168-->[com.google.firebase:firebase-firestore:17.1.4] AndroidManifest.xml:17:17-82
169            <meta-data
169-->[com.google.firebase:firebase-measurement-connector-impl:17.0.3] AndroidManifest.xml:28:13-30:85
170                android:name="com.google.firebase.components:com.google.firebase.analytics.connector.internal.AnalyticsConnectorRegistrar"
170-->[com.google.firebase:firebase-measurement-connector-impl:17.0.3] AndroidManifest.xml:29:17-139
171                android:value="com.google.firebase.components.ComponentRegistrar" />
171-->[com.google.firebase:firebase-measurement-connector-impl:17.0.3] AndroidManifest.xml:30:17-82
172            <meta-data
172-->[com.google.firebase:firebase-iid:17.0.3] AndroidManifest.xml:32:13-34:85
173                android:name="com.google.firebase.components:com.google.firebase.iid.Registrar"
173-->[com.google.firebase:firebase-iid:17.0.3] AndroidManifest.xml:33:17-96
174                android:value="com.google.firebase.components.ComponentRegistrar" />
174-->[com.google.firebase:firebase-iid:17.0.3] AndroidManifest.xml:34:17-82
175        </service>
176
177        <activity
177-->[com.google.android.gms:play-services-auth:16.0.1] AndroidManifest.xml:23:9-27:75
178            android:name="com.google.android.gms.auth.api.signin.internal.SignInHubActivity"
178-->[com.google.android.gms:play-services-auth:16.0.1] AndroidManifest.xml:24:13-93
179            android:excludeFromRecents="true"
179-->[com.google.android.gms:play-services-auth:16.0.1] AndroidManifest.xml:25:13-46
180            android:exported="false"
180-->[com.google.android.gms:play-services-auth:16.0.1] AndroidManifest.xml:26:13-37
181            android:theme="@android:style/Theme.Translucent.NoTitleBar" />
181-->[com.google.android.gms:play-services-auth:16.0.1] AndroidManifest.xml:27:13-72
182        <!--
183            Service handling Google Sign-In user revocation. For apps that do not integrate with
184            Google Sign-In, this service will never be started.
185        -->
186        <service
186-->[com.google.android.gms:play-services-auth:16.0.1] AndroidManifest.xml:33:9-36:110
187            android:name="com.google.android.gms.auth.api.signin.RevocationBoundService"
187-->[com.google.android.gms:play-services-auth:16.0.1] AndroidManifest.xml:34:13-89
188            android:exported="true"
188-->[com.google.android.gms:play-services-auth:16.0.1] AndroidManifest.xml:35:13-36
189            android:permission="com.google.android.gms.auth.api.signin.permission.REVOCATION_NOTIFICATION" />
189-->[com.google.android.gms:play-services-auth:16.0.1] AndroidManifest.xml:36:13-107
190
191        <receiver
191-->[com.google.firebase:firebase-analytics:16.0.5] AndroidManifest.xml:29:9-33:20
192            android:name="com.google.android.gms.measurement.AppMeasurementReceiver"
192-->[com.google.firebase:firebase-analytics:16.0.5] AndroidManifest.xml:30:13-85
193            android:enabled="true"
193-->[com.google.firebase:firebase-analytics:16.0.5] AndroidManifest.xml:31:13-35
194            android:exported="false" >
194-->[com.google.firebase:firebase-analytics:16.0.5] AndroidManifest.xml:32:13-37
195        </receiver>
196        <receiver
196-->[com.google.firebase:firebase-analytics:16.0.5] AndroidManifest.xml:34:9-42:20
197            android:name="com.google.android.gms.measurement.AppMeasurementInstallReferrerReceiver"
197-->[com.google.firebase:firebase-analytics:16.0.5] AndroidManifest.xml:35:13-100
198            android:enabled="true"
198-->[com.google.firebase:firebase-analytics:16.0.5] AndroidManifest.xml:36:13-35
199            android:exported="true"
199-->[com.google.firebase:firebase-analytics:16.0.5] AndroidManifest.xml:37:13-36
200            android:permission="android.permission.INSTALL_PACKAGES" >
200-->[com.google.firebase:firebase-analytics:16.0.5] AndroidManifest.xml:38:13-69
201            <intent-filter>
201-->[com.google.firebase:firebase-analytics:16.0.5] AndroidManifest.xml:39:13-41:29
202                <action android:name="com.android.vending.INSTALL_REFERRER" />
202-->[com.google.firebase:firebase-analytics:16.0.5] AndroidManifest.xml:40:17-79
202-->[com.google.firebase:firebase-analytics:16.0.5] AndroidManifest.xml:40:25-76
203            </intent-filter>
204        </receiver>
205
206        <service
206-->[com.google.firebase:firebase-analytics:16.0.5] AndroidManifest.xml:44:9-47:40
207            android:name="com.google.android.gms.measurement.AppMeasurementService"
207-->[com.google.firebase:firebase-analytics:16.0.5] AndroidManifest.xml:45:13-84
208            android:enabled="true"
208-->[com.google.firebase:firebase-analytics:16.0.5] AndroidManifest.xml:46:13-35
209            android:exported="false" />
209-->[com.google.firebase:firebase-analytics:16.0.5] AndroidManifest.xml:47:13-37
210        <service
210-->[com.google.firebase:firebase-analytics:16.0.5] AndroidManifest.xml:48:9-52:72
211            android:name="com.google.android.gms.measurement.AppMeasurementJobService"
211-->[com.google.firebase:firebase-analytics:16.0.5] AndroidManifest.xml:49:13-87
212            android:enabled="true"
212-->[com.google.firebase:firebase-analytics:16.0.5] AndroidManifest.xml:50:13-35
213            android:exported="false"
213-->[com.google.firebase:firebase-analytics:16.0.5] AndroidManifest.xml:51:13-37
214            android:permission="android.permission.BIND_JOB_SERVICE" />
214-->[com.google.firebase:firebase-analytics:16.0.5] AndroidManifest.xml:52:13-69
215
216        <receiver
216-->[com.google.firebase:firebase-iid:17.0.3] AndroidManifest.xml:37:9-44:20
217            android:name="com.google.firebase.iid.FirebaseInstanceIdReceiver"
217-->[com.google.firebase:firebase-iid:17.0.3] AndroidManifest.xml:38:13-78
218            android:exported="true"
218-->[com.google.firebase:firebase-iid:17.0.3] AndroidManifest.xml:39:13-36
219            android:permission="com.google.android.c2dm.permission.SEND" >
219-->[com.google.firebase:firebase-iid:17.0.3] AndroidManifest.xml:40:13-73
220            <intent-filter>
220-->[com.google.firebase:firebase-iid:17.0.3] AndroidManifest.xml:41:13-43:29
221                <action android:name="com.google.android.c2dm.intent.RECEIVE" />
221-->[com.google.firebase:firebase-iid:17.0.3] AndroidManifest.xml:42:17-81
221-->[com.google.firebase:firebase-iid:17.0.3] AndroidManifest.xml:42:25-78
222            </intent-filter>
223        </receiver>
224        <!--
225             FirebaseInstanceIdService performs security checks at runtime,
226             no need for explicit permissions despite exported="true"
227        -->
228        <service
228-->[com.google.firebase:firebase-iid:17.0.3] AndroidManifest.xml:50:9-56:19
229            android:name="com.google.firebase.iid.FirebaseInstanceIdService"
229-->[com.google.firebase:firebase-iid:17.0.3] AndroidManifest.xml:51:13-77
230            android:exported="true" >
230-->[com.google.firebase:firebase-iid:17.0.3] AndroidManifest.xml:52:13-36
231            <intent-filter android:priority="-500" >
231-->[com.google.firebase:firebase-iid:17.0.3] AndroidManifest.xml:53:13-55:29
231-->[com.google.firebase:firebase-iid:17.0.3] AndroidManifest.xml:53:28-51
232                <action android:name="com.google.firebase.INSTANCE_ID_EVENT" />
232-->[com.google.firebase:firebase-iid:17.0.3] AndroidManifest.xml:54:17-80
232-->[com.google.firebase:firebase-iid:17.0.3] AndroidManifest.xml:54:25-77
233            </intent-filter>
234        </service>
235
236        <activity
236-->[com.google.android.gms:play-services-base:17.0.0] AndroidManifest.xml:23:9-26:75
237            android:name="com.google.android.gms.common.api.GoogleApiActivity"
237-->[com.google.android.gms:play-services-base:17.0.0] AndroidManifest.xml:24:13-79
238            android:exported="false"
238-->[com.google.android.gms:play-services-base:17.0.0] AndroidManifest.xml:25:13-37
239            android:theme="@android:style/Theme.Translucent.NoTitleBar" />
239-->[com.google.android.gms:play-services-base:17.0.0] AndroidManifest.xml:26:13-72
240
241        <provider
241-->[com.google.firebase:firebase-common:16.0.4] AndroidManifest.xml:10:9-14:39
242            android:name="com.google.firebase.provider.FirebaseInitProvider"
242-->[com.google.firebase:firebase-common:16.0.4] AndroidManifest.xml:11:13-77
243            android:authorities="com.example.findher.firebaseinitprovider"
243-->[com.google.firebase:firebase-common:16.0.4] AndroidManifest.xml:12:13-72
244            android:exported="false"
244-->[com.google.firebase:firebase-common:16.0.4] AndroidManifest.xml:13:13-37
245            android:initOrder="100" />
245-->[com.google.firebase:firebase-common:16.0.4] AndroidManifest.xml:14:13-36
246        <provider
246-->[com.squareup.picasso:picasso:2.71828] AndroidManifest.xml:8:9-11:40
247            android:name="com.squareup.picasso.PicassoProvider"
247-->[com.squareup.picasso:picasso:2.71828] AndroidManifest.xml:9:13-64
248            android:authorities="com.example.findher.com.squareup.picasso"
248-->[com.squareup.picasso:picasso:2.71828] AndroidManifest.xml:10:13-72
249            android:exported="false" />
249-->[com.squareup.picasso:picasso:2.71828] AndroidManifest.xml:11:13-37
250        <!--
251         The initialization ContentProvider will call FacebookSdk.sdkInitialize automatically
252         with the application context. This config is merged in with the host app's manifest,
253         but there can only be one provider with the same authority activated at any given
254         point; so if the end user has two or more different apps that use Facebook SDK, only the
255         first one will be able to use the provider. To work around this problem, we use the
256         following placeholder in the authority to identify each host application as if it was
257         a completely different provider.
258        -->
259        <provider
259-->[com.facebook.android:facebook-core:5.8.0] AndroidManifest.xml:39:9-42:40
260            android:name="com.facebook.internal.FacebookInitProvider"
260-->[com.facebook.android:facebook-core:5.8.0] AndroidManifest.xml:40:13-70
261            android:authorities="com.example.findher.FacebookInitProvider"
261-->[com.facebook.android:facebook-core:5.8.0] AndroidManifest.xml:41:13-72
262            android:exported="false" />
262-->[com.facebook.android:facebook-core:5.8.0] AndroidManifest.xml:42:13-37
263
264        <receiver
264-->[com.facebook.android:facebook-core:5.8.0] AndroidManifest.xml:44:9-50:20
265            android:name="com.facebook.CurrentAccessTokenExpirationBroadcastReceiver"